

============================== 2022-03-24 07:35:38.936714 | 7ba19be2-5e00-4779-bcf7-f419e2a3b2e0 ==============================
07:35:38.936714 [info ] [MainThread]: Running with dbt=1.0.4
07:35:38.938713 [debug] [MainThread]: running dbt with arguments Namespace(record_timing_info=None, debug=None, log_format=None, write_json=None, use_colors=None, printer_width=None, warn_error=None, version_check=None, partial_parse=None, single_threaded=False, use_experimental_parser=None, static_parser=None, profiles_dir='C:\\Users\\SY378SP\\.dbt', send_anonymous_usage_stats=None, fail_fast=None, event_buffer_size=None, project_dir=None, profile=None, target=None, vars='{}', log_cache_events=False, project_name='jaffle_shop', skip_profile_setup=False, defer=None, state=None, cls=<class 'dbt.task.init.InitTask'>, which='init', rpc_method=None)
07:35:38.951179 [debug] [MainThread]: Tracking: tracking
07:35:40.002207 [debug] [MainThread]: Sending event: {'category': 'dbt', 'action': 'invocation', 'label': 'start', 'context': [<snowplow_tracker.self_describing_json.SelfDescribingJson object at 0x000002030D3692D0>, <snowplow_tracker.self_describing_json.SelfDescribingJson object at 0x000002030D36A2F0>, <snowplow_tracker.self_describing_json.SelfDescribingJson object at 0x000002030D36A020>]}
07:35:40.006266 [debug] [MainThread]: Starter project path: C:\Users\SY378SP\AppData\Local\Programs\Python\Python310\lib\site-packages\dbt\include\starter_project
07:36:54.586234 [info ] [MainThread]: Profile jaffle_shop written to C:\Users\SY378SP\.dbt\profiles.yml using target's profile_template.yml and your supplied values. Run 'dbt debug' to validate the connection.
07:36:54.590210 [info ] [MainThread]: 
Your new dbt project "jaffle_shop" was created!

For more information on how to configure the profiles.yml file,
please consult the dbt documentation here:

  https://docs.getdbt.com/docs/configure-your-profile

One more thing:

Need help? Don't hesitate to reach out to us via GitHub issues or on Slack:

  https://community.getdbt.com/

Happy modeling!

07:36:54.591209 [debug] [MainThread]: Sending event: {'category': 'dbt', 'action': 'invocation', 'label': 'end', 'context': [<snowplow_tracker.self_describing_json.SelfDescribingJson object at 0x000002030EF2E980>, <snowplow_tracker.self_describing_json.SelfDescribingJson object at 0x000002030EF2F940>, <snowplow_tracker.self_describing_json.SelfDescribingJson object at 0x000002030EF2D900>]}


============================== 2022-03-24 08:24:50.264237 | 2b6a5d59-be3e-465c-adde-ad097351fddb ==============================
08:24:50.264237 [info ] [MainThread]: Running with dbt=1.0.4
08:24:50.265235 [debug] [MainThread]: running dbt with arguments Namespace(record_timing_info=None, debug=None, log_format=None, write_json=None, use_colors=None, printer_width=None, warn_error=None, version_check=None, partial_parse=None, single_threaded=False, use_experimental_parser=None, static_parser=None, profiles_dir='C:\\Users\\SY378SP\\.dbt', send_anonymous_usage_stats=None, fail_fast=None, event_buffer_size=None, project_dir=None, profile=None, target=None, vars='{}', log_cache_events=False, config_dir=False, defer=None, state=None, cls=<class 'dbt.task.debug.DebugTask'>, which='debug', rpc_method=None)
08:24:50.265235 [debug] [MainThread]: Tracking: tracking
08:24:51.024585 [debug] [MainThread]: Sending event: {'category': 'dbt', 'action': 'invocation', 'label': 'start', 'context': [<snowplow_tracker.self_describing_json.SelfDescribingJson object at 0x0000024169BE7070>, <snowplow_tracker.self_describing_json.SelfDescribingJson object at 0x0000024169BE7160>, <snowplow_tracker.self_describing_json.SelfDescribingJson object at 0x0000024169BE72B0>]}
08:24:53.034012 [debug] [MainThread]: Executing "git --help"
08:24:53.819347 [debug] [MainThread]: STDOUT: "b"usage: git [--version] [--help] [-C <path>] [-c <name>=<value>]\n           [--exec-path[=<path>]] [--html-path] [--man-path] [--info-path]\n           [-p | --paginate | -P | --no-pager] [--no-replace-objects] [--bare]\n           [--git-dir=<path>] [--work-tree=<path>] [--namespace=<name>]\n           [--super-prefix=<path>] [--config-env=<name>=<envvar>]\n           <command> [<args>]\n\nThese are common Git commands used in various situations:\n\nstart a working area (see also: git help tutorial)\n   clone     Clone a repository into a new directory\n   init      Create an empty Git repository or reinitialize an existing one\n\nwork on the current change (see also: git help everyday)\n   add       Add file contents to the index\n   mv        Move or rename a file, a directory, or a symlink\n   restore   Restore working tree files\n   rm        Remove files from the working tree and from the index\n\nexamine the history and state (see also: git help revisions)\n   bisect    Use binary search to find the commit that introduced a bug\n   diff      Show changes between commits, commit and working tree, etc\n   grep      Print lines matching a pattern\n   log       Show commit logs\n   show      Show various types of objects\n   status    Show the working tree status\n\ngrow, mark and tweak your common history\n   branch    List, create, or delete branches\n   commit    Record changes to the repository\n   merge     Join two or more development histories together\n   rebase    Reapply commits on top of another base tip\n   reset     Reset current HEAD to the specified state\n   switch    Switch branches\n   tag       Create, list, delete or verify a tag object signed with GPG\n\ncollaborate (see also: git help workflows)\n   fetch     Download objects and refs from another repository\n   pull      Fetch from and integrate with another repository or a local branch\n   push      Update remote refs along with associated objects\n\n'git help -a' and 'git help -g' list available subcommands and some\nconcept guides. See 'git help <command>' or 'git help <concept>'\nto read about a specific subcommand or concept.\nSee 'git help git' for an overview of the system.\n""
08:24:53.819983 [debug] [MainThread]: STDERR: "b''"
08:24:53.822268 [debug] [MainThread]: Sending event: {'category': 'dbt', 'action': 'invocation', 'label': 'end', 'context': [<snowplow_tracker.self_describing_json.SelfDescribingJson object at 0x000002416B7D49A0>, <snowplow_tracker.self_describing_json.SelfDescribingJson object at 0x000002416BBF23D0>, <snowplow_tracker.self_describing_json.SelfDescribingJson object at 0x0000024169BE7EE0>]}
